<?xml version="1.0" encoding="UTF-8"?>
<testng-results ignored="0" total="1" passed="1" failed="0" skipped="0">
  <reporter-output>
  </reporter-output>
  <suite started-at="2022-11-03T09:24:34 IST" name="Default suite" finished-at="2022-11-03T09:24:35 IST" duration-ms="983">
    <groups>
      <group name="cucumber">
        <method signature="AbstractTestNGCucumberTests.runScenario(io.cucumber.testng.PickleWrapper,io.cucumber.testng.FeatureWrapper)[pri:0, instance:TestRunners.RunnerClass@61001b64]" name="runScenario" class="io.cucumber.testng.AbstractTestNGCucumberTests"/>
      </group> <!-- cucumber -->
    </groups>
    <test started-at="2022-11-03T09:24:34 IST" name="Default test" finished-at="2022-11-03T09:24:35 IST" duration-ms="983">
      <class name="TestRunners.RunnerClass">
        <test-method is-config="true" signature="setUpClass()[pri:0, instance:TestRunners.RunnerClass@61001b64]" started-at="2022-11-03T09:24:34 IST" name="setUpClass" finished-at="2022-11-03T09:24:35 IST" duration-ms="684" status="PASS">
          <reporter-output>
          </reporter-output>
        </test-method> <!-- setUpClass -->
        <test-method signature="runScenario(io.cucumber.testng.PickleWrapper,io.cucumber.testng.FeatureWrapper)[pri:0, instance:TestRunners.RunnerClass@61001b64]" started-at="2022-11-03T09:24:35 IST" name="runScenario" description="Runs Cucumber Scenarios" data-provider="scenarios" finished-at="2022-11-03T09:24:35 IST" duration-ms="186" status="PASS">
          <params>
            <param index="0">
              <value>
                <![CDATA["login page"]]>
              </value>
            </param>
            <param index="1">
              <value>
                <![CDATA["Optional[Login User]"]]>
              </value>
            </param>
          </params>
          <reporter-output>
          </reporter-output>
        </test-method> <!-- runScenario -->
        <test-method is-config="true" signature="tearDownClass()[pri:0, instance:TestRunners.RunnerClass@61001b64]" started-at="2022-11-03T09:24:35 IST" name="tearDownClass" finished-at="2022-11-03T09:24:35 IST" duration-ms="61" status="PASS">
          <reporter-output>
          </reporter-output>
        </test-method> <!-- tearDownClass -->
      </class> <!-- TestRunners.RunnerClass -->
    </test> <!-- Default test -->
  </suite> <!-- Default suite -->
</testng-results>
